-encoding
UTF-8
-outxml
-source
6
-target
6
-classpath
C:\Users\Adry\.m2\repository\junit\junit\4.11\junit-4.11.jar;C:\Users\Adry\.m2\repository\log4j\log4j\1.2.17\log4j-1.2.17.jar;C:\Users\Adry\.m2\repository\org\slf4j\slf4j-api\1.7.5\slf4j-api-1.7.5.jar;C:\Users\Adry\.m2\repository\org\slf4j\jcl-over-slf4j\1.7.5\jcl-over-slf4j-1.7.5.jar;C:\Users\Adry\.m2\repository\org\slf4j\slf4j-log4j12\1.7.5\slf4j-log4j12-1.7.5.jar;C:\Users\Adry\.m2\repository\org\aspectj\aspectjrt\1.7.4\aspectjrt-1.7.4.jar;C:\Users\Adry\.m2\repository\org\aspectj\aspectjweaver\1.7.4\aspectjweaver-1.7.4.jar;C:\Users\Adry\.m2\repository\javax\servlet\servlet-api\2.5\servlet-api-2.5.jar;C:\Users\Adry\.m2\repository\net\sf\flexjson\flexjson\2.1\flexjson-2.1.jar;C:\Users\Adry\.m2\repository\org\apache\commons\commons-lang3\3.1\commons-lang3-3.1.jar;C:\Users\Adry\.m2\repository\org\springframework\roo\org.springframework.roo.annotations\1.3.1.RC1\org.springframework.roo.annotations-1.3.1.RC1.jar;C:\Users\Adry\.m2\repository\org\springframework\spring-core\3.2.6.RELEASE\spring-core-3.2.6.RELEASE.jar;C:\Users\Adry\.m2\repository\org\springframework\spring-test\3.2.6.RELEASE\spring-test-3.2.6.RELEASE.jar;C:\Users\Adry\.m2\repository\org\springframework\spring-context\3.2.6.RELEASE\spring-context-3.2.6.RELEASE.jar;C:\Users\Adry\.m2\repository\org\springframework\spring-aop\3.2.6.RELEASE\spring-aop-3.2.6.RELEASE.jar;C:\Users\Adry\.m2\repository\org\springframework\spring-aspects\3.2.6.RELEASE\spring-aspects-3.2.6.RELEASE.jar;C:\Users\Adry\.m2\repository\mysql\mysql-connector-java\5.1.21\mysql-connector-java-5.1.21.jar;C:\Users\Adry\.m2\repository\org\hibernate\hibernate-core\4.3.6.Final\hibernate-core-4.3.6.Final.jar;C:\Users\Adry\.m2\repository\org\hibernate\hibernate-entitymanager\4.3.6.Final\hibernate-entitymanager-4.3.6.Final.jar;C:\Users\Adry\.m2\repository\org\hibernate\javax\persistence\hibernate-jpa-2.1-api\1.0.0.Final\hibernate-jpa-2.1-api-1.0.0.Final.jar;C:\Users\Adry\.m2\repository\commons-collections\commons-collections\3.2.1\commons-collections-3.2.1.jar;C:\Users\Adry\.m2\repository\org\hibernate\hibernate-validator\4.3.2.Final\hibernate-validator-4.3.2.Final.jar;C:\Users\Adry\.m2\repository\javax\validation\validation-api\1.0.0.GA\validation-api-1.0.0.GA.jar;C:\Users\Adry\.m2\repository\javax\transaction\jta\1.1\jta-1.1.jar;C:\Users\Adry\.m2\repository\org\springframework\spring-jdbc\3.2.6.RELEASE\spring-jdbc-3.2.6.RELEASE.jar;C:\Users\Adry\.m2\repository\org\springframework\spring-orm\3.2.6.RELEASE\spring-orm-3.2.6.RELEASE.jar;C:\Users\Adry\.m2\repository\commons-pool\commons-pool\1.5.6\commons-pool-1.5.6.jar;C:\Users\Adry\.m2\repository\commons-dbcp\commons-dbcp\1.4\commons-dbcp-1.4.jar;C:\Users\Adry\.m2\repository\com\sun\faces\jsf-api\2.1.2\jsf-api-2.1.2.jar;C:\Users\Adry\.m2\repository\com\sun\faces\jsf-impl\2.1.2\jsf-impl-2.1.2.jar;C:\Users\Adry\.m2\repository\org\primefaces\primefaces\3.5\primefaces-3.5.jar;C:\Users\Adry\.m2\repository\org\primefaces\themes\south-street\1.0.10\south-street-1.0.10.jar;C:\Users\Adry\.m2\repository\org\springframework\spring-web\3.2.6.RELEASE\spring-web-3.2.6.RELEASE.jar;C:\Users\Adry\.m2\repository\javax\el\el-api\2.2\el-api-2.2.jar;C:\Users\Adry\.m2\repository\commons-fileupload\commons-fileupload\1.2.2\commons-fileupload-1.2.2.jar;C:\Users\Adry\.m2\repository\commons-io\commons-io\2.1\commons-io-2.1.jar;C:\Users\Adry\.m2\repository\org\primefaces\themes\bluesky\1.0.10\bluesky-1.0.10.jar;C:\Users\Adry\.m2\repository\org\springframework\data\spring-data-jpa\1.4.3.RELEASE\spring-data-jpa-1.4.3.RELEASE.jar;C:\Users\Adry\.m2\repository\commons-codec\commons-codec\1.8\commons-codec-1.8.jar;C:\Users\Adry\.m2\repository\org\springframework\spring-beans\3.2.6.RELEASE\spring-beans-3.2.6.RELEASE.jar;C:\Users\Adry\.m2\repository\org\springframework\spring-expression\3.2.6.RELEASE\spring-expression-3.2.6.RELEASE.jar;C:\Users\Adry\.m2\repository\aopalliance\aopalliance\1.0\aopalliance-1.0.jar;C:\Users\Adry\.m2\repository\org\springframework\spring-context-support\3.2.6.RELEASE\spring-context-support-3.2.6.RELEASE.jar;C:\Users\Adry\.m2\repository\org\jboss\logging\jboss-logging\3.1.3.GA\jboss-logging-3.1.3.GA.jar;C:\Users\Adry\.m2\repository\org\jboss\logging\jboss-logging-annotations\1.2.0.Beta1\jboss-logging-annotations-1.2.0.Beta1.jar;C:\Users\Adry\.m2\repository\org\jboss\spec\javax\transaction\jboss-transaction-api_1.2_spec\1.0.0.Final\jboss-transaction-api_1.2_spec-1.0.0.Final.jar;C:\Users\Adry\.m2\repository\dom4j\dom4j\1.6.1\dom4j-1.6.1.jar;C:\Users\Adry\.m2\repository\xml-apis\xml-apis\1.0.b2\xml-apis-1.0.b2.jar;C:\Users\Adry\.m2\repository\org\hibernate\common\hibernate-commons-annotations\4.0.5.Final\hibernate-commons-annotations-4.0.5.Final.jar;C:\Users\Adry\.m2\repository\org\javassist\javassist\3.18.1-GA\javassist-3.18.1-GA.jar;C:\Users\Adry\.m2\repository\antlr\antlr\2.7.7\antlr-2.7.7.jar;C:\Users\Adry\.m2\repository\org\jboss\jandex\1.1.0.Final\jandex-1.1.0.Final.jar;C:\Users\Adry\.m2\repository\org\springframework\spring-tx\3.2.6.RELEASE\spring-tx-3.2.6.RELEASE.jar;C:\Users\Adry\.m2\repository\org\springframework\data\spring-data-commons\1.6.3.RELEASE\spring-data-commons-1.6.3.RELEASE.jar;C:\Posgrados\Ing_Software\Repo\proyectoRRHHUD\fuentes_aplicativo\pruebaRRHH\target\classes
-aspectpath
C:\Users\Adry\.m2\repository\org\springframework\spring-aspects\3.2.6.RELEASE\spring-aspects-3.2.6.RELEASE.jar
-d
C:\Posgrados\Ing_Software\Repo\proyectoRRHHUD\fuentes_aplicativo\pruebaRRHH\target\classes
C:\Posgrados\Ing_Software\Repo\proyectoRRHHUD\fuentes_aplicativo\pruebaRRHH\src\main\java\co\edu\udistrital\rrhh\domain\Afiliacion.java
C:\Posgrados\Ing_Software\Repo\proyectoRRHHUD\fuentes_aplicativo\pruebaRRHH\src\main\java\co\edu\udistrital\rrhh\domain\AfiliacionPK.java
C:\Posgrados\Ing_Software\Repo\proyectoRRHHUD\fuentes_aplicativo\pruebaRRHH\src\main\java\co\edu\udistrital\rrhh\domain\Aporte.java
C:\Posgrados\Ing_Software\Repo\proyectoRRHHUD\fuentes_aplicativo\pruebaRRHH\src\main\java\co\edu\udistrital\rrhh\domain\Cargo.java
C:\Posgrados\Ing_Software\Repo\proyectoRRHHUD\fuentes_aplicativo\pruebaRRHH\src\main\java\co\edu\udistrital\rrhh\domain\Concepto.java
C:\Posgrados\Ing_Software\Repo\proyectoRRHHUD\fuentes_aplicativo\pruebaRRHH\src\main\java\co\edu\udistrital\rrhh\domain\Empleado.java
C:\Posgrados\Ing_Software\Repo\proyectoRRHHUD\fuentes_aplicativo\pruebaRRHH\src\main\java\co\edu\udistrital\rrhh\domain\Entidad.java
C:\Posgrados\Ing_Software\Repo\proyectoRRHHUD\fuentes_aplicativo\pruebaRRHH\src\main\java\co\edu\udistrital\rrhh\domain\Historicocargo.java
C:\Posgrados\Ing_Software\Repo\proyectoRRHHUD\fuentes_aplicativo\pruebaRRHH\src\main\java\co\edu\udistrital\rrhh\domain\Pago.java
C:\Posgrados\Ing_Software\Repo\proyectoRRHHUD\fuentes_aplicativo\pruebaRRHH\src\main\java\co\edu\udistrital\rrhh\domain\Usuario.java
C:\Posgrados\Ing_Software\Repo\proyectoRRHHUD\fuentes_aplicativo\pruebaRRHH\src\main\java\co\edu\udistrital\rrhh\repository\AfiliacionReprository.java
C:\Posgrados\Ing_Software\Repo\proyectoRRHHUD\fuentes_aplicativo\pruebaRRHH\src\main\java\co\edu\udistrital\rrhh\repository\AporteReprository.java
C:\Posgrados\Ing_Software\Repo\proyectoRRHHUD\fuentes_aplicativo\pruebaRRHH\src\main\java\co\edu\udistrital\rrhh\repository\CargoReprository.java
C:\Posgrados\Ing_Software\Repo\proyectoRRHHUD\fuentes_aplicativo\pruebaRRHH\src\main\java\co\edu\udistrital\rrhh\repository\ConceptoReprository.java
C:\Posgrados\Ing_Software\Repo\proyectoRRHHUD\fuentes_aplicativo\pruebaRRHH\src\main\java\co\edu\udistrital\rrhh\repository\EmpleadoReprository.java
C:\Posgrados\Ing_Software\Repo\proyectoRRHHUD\fuentes_aplicativo\pruebaRRHH\src\main\java\co\edu\udistrital\rrhh\repository\EntidadReprository.java
C:\Posgrados\Ing_Software\Repo\proyectoRRHHUD\fuentes_aplicativo\pruebaRRHH\src\main\java\co\edu\udistrital\rrhh\repository\HistoricocargoReprository.java
C:\Posgrados\Ing_Software\Repo\proyectoRRHHUD\fuentes_aplicativo\pruebaRRHH\src\main\java\co\edu\udistrital\rrhh\repository\PagoReprository.java
C:\Posgrados\Ing_Software\Repo\proyectoRRHHUD\fuentes_aplicativo\pruebaRRHH\src\main\java\co\edu\udistrital\rrhh\repository\UsuarioReprository.java
C:\Posgrados\Ing_Software\Repo\proyectoRRHHUD\fuentes_aplicativo\pruebaRRHH\src\main\java\co\edu\udistrital\rrhh\service\AfiliacionService.java
C:\Posgrados\Ing_Software\Repo\proyectoRRHHUD\fuentes_aplicativo\pruebaRRHH\src\main\java\co\edu\udistrital\rrhh\service\AfiliacionService_Roo_Service.aj
C:\Posgrados\Ing_Software\Repo\proyectoRRHHUD\fuentes_aplicativo\pruebaRRHH\src\main\java\co\edu\udistrital\rrhh\service\AporteService.java
C:\Posgrados\Ing_Software\Repo\proyectoRRHHUD\fuentes_aplicativo\pruebaRRHH\src\main\java\co\edu\udistrital\rrhh\service\AporteService_Roo_Service.aj
C:\Posgrados\Ing_Software\Repo\proyectoRRHHUD\fuentes_aplicativo\pruebaRRHH\src\main\java\co\edu\udistrital\rrhh\service\CargoService.java
C:\Posgrados\Ing_Software\Repo\proyectoRRHHUD\fuentes_aplicativo\pruebaRRHH\src\main\java\co\edu\udistrital\rrhh\service\CargoService_Roo_Service.aj
C:\Posgrados\Ing_Software\Repo\proyectoRRHHUD\fuentes_aplicativo\pruebaRRHH\src\main\java\co\edu\udistrital\rrhh\service\ConceptoService.java
C:\Posgrados\Ing_Software\Repo\proyectoRRHHUD\fuentes_aplicativo\pruebaRRHH\src\main\java\co\edu\udistrital\rrhh\service\ConceptoService_Roo_Service.aj
C:\Posgrados\Ing_Software\Repo\proyectoRRHHUD\fuentes_aplicativo\pruebaRRHH\src\main\java\co\edu\udistrital\rrhh\service\EmpleadoService.java
C:\Posgrados\Ing_Software\Repo\proyectoRRHHUD\fuentes_aplicativo\pruebaRRHH\src\main\java\co\edu\udistrital\rrhh\service\EmpleadoService_Roo_Service.aj
C:\Posgrados\Ing_Software\Repo\proyectoRRHHUD\fuentes_aplicativo\pruebaRRHH\src\main\java\co\edu\udistrital\rrhh\service\EntidadService.java
C:\Posgrados\Ing_Software\Repo\proyectoRRHHUD\fuentes_aplicativo\pruebaRRHH\src\main\java\co\edu\udistrital\rrhh\service\EntidadService_Roo_Service.aj
C:\Posgrados\Ing_Software\Repo\proyectoRRHHUD\fuentes_aplicativo\pruebaRRHH\src\main\java\co\edu\udistrital\rrhh\service\HistoricocargoService.java
C:\Posgrados\Ing_Software\Repo\proyectoRRHHUD\fuentes_aplicativo\pruebaRRHH\src\main\java\co\edu\udistrital\rrhh\service\HistoricocargoService_Roo_Service.aj
C:\Posgrados\Ing_Software\Repo\proyectoRRHHUD\fuentes_aplicativo\pruebaRRHH\src\main\java\co\edu\udistrital\rrhh\service\impl\AfiliacionServiceImpl.java
C:\Posgrados\Ing_Software\Repo\proyectoRRHHUD\fuentes_aplicativo\pruebaRRHH\src\main\java\co\edu\udistrital\rrhh\service\impl\AfiliacionServiceImpl_Roo_Service.aj
C:\Posgrados\Ing_Software\Repo\proyectoRRHHUD\fuentes_aplicativo\pruebaRRHH\src\main\java\co\edu\udistrital\rrhh\service\impl\AporteServiceImpl.java
C:\Posgrados\Ing_Software\Repo\proyectoRRHHUD\fuentes_aplicativo\pruebaRRHH\src\main\java\co\edu\udistrital\rrhh\service\impl\AporteServiceImpl_Roo_Service.aj
C:\Posgrados\Ing_Software\Repo\proyectoRRHHUD\fuentes_aplicativo\pruebaRRHH\src\main\java\co\edu\udistrital\rrhh\service\impl\CargoServiceImpl.java
C:\Posgrados\Ing_Software\Repo\proyectoRRHHUD\fuentes_aplicativo\pruebaRRHH\src\main\java\co\edu\udistrital\rrhh\service\impl\CargoServiceImpl_Roo_Service.aj
C:\Posgrados\Ing_Software\Repo\proyectoRRHHUD\fuentes_aplicativo\pruebaRRHH\src\main\java\co\edu\udistrital\rrhh\service\impl\ConceptoServiceImpl.java
C:\Posgrados\Ing_Software\Repo\proyectoRRHHUD\fuentes_aplicativo\pruebaRRHH\src\main\java\co\edu\udistrital\rrhh\service\impl\ConceptoServiceImpl_Roo_Service.aj
C:\Posgrados\Ing_Software\Repo\proyectoRRHHUD\fuentes_aplicativo\pruebaRRHH\src\main\java\co\edu\udistrital\rrhh\service\impl\EmpleadoServiceImpl.java
C:\Posgrados\Ing_Software\Repo\proyectoRRHHUD\fuentes_aplicativo\pruebaRRHH\src\main\java\co\edu\udistrital\rrhh\service\impl\EmpleadoServiceImpl_Roo_Service.aj
C:\Posgrados\Ing_Software\Repo\proyectoRRHHUD\fuentes_aplicativo\pruebaRRHH\src\main\java\co\edu\udistrital\rrhh\service\impl\EntidadServiceImpl.java
C:\Posgrados\Ing_Software\Repo\proyectoRRHHUD\fuentes_aplicativo\pruebaRRHH\src\main\java\co\edu\udistrital\rrhh\service\impl\EntidadServiceImpl_Roo_Service.aj
C:\Posgrados\Ing_Software\Repo\proyectoRRHHUD\fuentes_aplicativo\pruebaRRHH\src\main\java\co\edu\udistrital\rrhh\service\impl\HistoricocargoServiceImpl.java
C:\Posgrados\Ing_Software\Repo\proyectoRRHHUD\fuentes_aplicativo\pruebaRRHH\src\main\java\co\edu\udistrital\rrhh\service\impl\HistoricocargoServiceImpl_Roo_Service.aj
C:\Posgrados\Ing_Software\Repo\proyectoRRHHUD\fuentes_aplicativo\pruebaRRHH\src\main\java\co\edu\udistrital\rrhh\service\impl\PagoServiceImpl.java
C:\Posgrados\Ing_Software\Repo\proyectoRRHHUD\fuentes_aplicativo\pruebaRRHH\src\main\java\co\edu\udistrital\rrhh\service\impl\PagoServiceImpl_Roo_Service.aj
C:\Posgrados\Ing_Software\Repo\proyectoRRHHUD\fuentes_aplicativo\pruebaRRHH\src\main\java\co\edu\udistrital\rrhh\service\impl\UsuarioServiceImpl.java
C:\Posgrados\Ing_Software\Repo\proyectoRRHHUD\fuentes_aplicativo\pruebaRRHH\src\main\java\co\edu\udistrital\rrhh\service\impl\UsuarioServiceImpl_Roo_Service.aj
C:\Posgrados\Ing_Software\Repo\proyectoRRHHUD\fuentes_aplicativo\pruebaRRHH\src\main\java\co\edu\udistrital\rrhh\service\PagoService.java
C:\Posgrados\Ing_Software\Repo\proyectoRRHHUD\fuentes_aplicativo\pruebaRRHH\src\main\java\co\edu\udistrital\rrhh\service\PagoService_Roo_Service.aj
C:\Posgrados\Ing_Software\Repo\proyectoRRHHUD\fuentes_aplicativo\pruebaRRHH\src\main\java\co\edu\udistrital\rrhh\service\UsuarioService.java
C:\Posgrados\Ing_Software\Repo\proyectoRRHHUD\fuentes_aplicativo\pruebaRRHH\src\main\java\co\edu\udistrital\rrhh\service\UsuarioService_Roo_Service.aj
C:\Posgrados\Ing_Software\Repo\proyectoRRHHUD\fuentes_aplicativo\pruebaRRHH\src\main\java\co\edu\udistrital\rrhh\web\AfiliacionBean.java
C:\Posgrados\Ing_Software\Repo\proyectoRRHHUD\fuentes_aplicativo\pruebaRRHH\src\main\java\co\edu\udistrital\rrhh\web\AfiliacionBean_Roo_Configurable.aj
C:\Posgrados\Ing_Software\Repo\proyectoRRHHUD\fuentes_aplicativo\pruebaRRHH\src\main\java\co\edu\udistrital\rrhh\web\AfiliacionBean_Roo_ManagedBean.aj
C:\Posgrados\Ing_Software\Repo\proyectoRRHHUD\fuentes_aplicativo\pruebaRRHH\src\main\java\co\edu\udistrital\rrhh\web\AfiliacionBean_Roo_Serializable.aj
C:\Posgrados\Ing_Software\Repo\proyectoRRHHUD\fuentes_aplicativo\pruebaRRHH\src\main\java\co\edu\udistrital\rrhh\web\AporteBean.java
C:\Posgrados\Ing_Software\Repo\proyectoRRHHUD\fuentes_aplicativo\pruebaRRHH\src\main\java\co\edu\udistrital\rrhh\web\AporteBean_Roo_Configurable.aj
C:\Posgrados\Ing_Software\Repo\proyectoRRHHUD\fuentes_aplicativo\pruebaRRHH\src\main\java\co\edu\udistrital\rrhh\web\AporteBean_Roo_ManagedBean.aj
C:\Posgrados\Ing_Software\Repo\proyectoRRHHUD\fuentes_aplicativo\pruebaRRHH\src\main\java\co\edu\udistrital\rrhh\web\AporteBean_Roo_Serializable.aj
C:\Posgrados\Ing_Software\Repo\proyectoRRHHUD\fuentes_aplicativo\pruebaRRHH\src\main\java\co\edu\udistrital\rrhh\web\ApplicationBean.java
C:\Posgrados\Ing_Software\Repo\proyectoRRHHUD\fuentes_aplicativo\pruebaRRHH\src\main\java\co\edu\udistrital\rrhh\web\ApplicationBean_Roo_ApplicationBean.aj
C:\Posgrados\Ing_Software\Repo\proyectoRRHHUD\fuentes_aplicativo\pruebaRRHH\src\main\java\co\edu\udistrital\rrhh\web\ApplicationBean_Roo_Configurable.aj
C:\Posgrados\Ing_Software\Repo\proyectoRRHHUD\fuentes_aplicativo\pruebaRRHH\src\main\java\co\edu\udistrital\rrhh\web\CargoBean.java
C:\Posgrados\Ing_Software\Repo\proyectoRRHHUD\fuentes_aplicativo\pruebaRRHH\src\main\java\co\edu\udistrital\rrhh\web\CargoBean_Roo_Configurable.aj
C:\Posgrados\Ing_Software\Repo\proyectoRRHHUD\fuentes_aplicativo\pruebaRRHH\src\main\java\co\edu\udistrital\rrhh\web\CargoBean_Roo_ManagedBean.aj
C:\Posgrados\Ing_Software\Repo\proyectoRRHHUD\fuentes_aplicativo\pruebaRRHH\src\main\java\co\edu\udistrital\rrhh\web\CargoBean_Roo_Serializable.aj
C:\Posgrados\Ing_Software\Repo\proyectoRRHHUD\fuentes_aplicativo\pruebaRRHH\src\main\java\co\edu\udistrital\rrhh\web\ConceptoBean.java
C:\Posgrados\Ing_Software\Repo\proyectoRRHHUD\fuentes_aplicativo\pruebaRRHH\src\main\java\co\edu\udistrital\rrhh\web\ConceptoBean_Roo_Configurable.aj
C:\Posgrados\Ing_Software\Repo\proyectoRRHHUD\fuentes_aplicativo\pruebaRRHH\src\main\java\co\edu\udistrital\rrhh\web\ConceptoBean_Roo_ManagedBean.aj
C:\Posgrados\Ing_Software\Repo\proyectoRRHHUD\fuentes_aplicativo\pruebaRRHH\src\main\java\co\edu\udistrital\rrhh\web\ConceptoBean_Roo_Serializable.aj
C:\Posgrados\Ing_Software\Repo\proyectoRRHHUD\fuentes_aplicativo\pruebaRRHH\src\main\java\co\edu\udistrital\rrhh\web\converter\AfiliacionConverter.java
C:\Posgrados\Ing_Software\Repo\proyectoRRHHUD\fuentes_aplicativo\pruebaRRHH\src\main\java\co\edu\udistrital\rrhh\web\converter\AporteConverter.java
C:\Posgrados\Ing_Software\Repo\proyectoRRHHUD\fuentes_aplicativo\pruebaRRHH\src\main\java\co\edu\udistrital\rrhh\web\converter\AporteConverter_Roo_Configurable.aj
C:\Posgrados\Ing_Software\Repo\proyectoRRHHUD\fuentes_aplicativo\pruebaRRHH\src\main\java\co\edu\udistrital\rrhh\web\converter\AporteConverter_Roo_Converter.aj
C:\Posgrados\Ing_Software\Repo\proyectoRRHHUD\fuentes_aplicativo\pruebaRRHH\src\main\java\co\edu\udistrital\rrhh\web\converter\CargoConverter.java
C:\Posgrados\Ing_Software\Repo\proyectoRRHHUD\fuentes_aplicativo\pruebaRRHH\src\main\java\co\edu\udistrital\rrhh\web\converter\CargoConverter_Roo_Configurable.aj
C:\Posgrados\Ing_Software\Repo\proyectoRRHHUD\fuentes_aplicativo\pruebaRRHH\src\main\java\co\edu\udistrital\rrhh\web\converter\CargoConverter_Roo_Converter.aj
C:\Posgrados\Ing_Software\Repo\proyectoRRHHUD\fuentes_aplicativo\pruebaRRHH\src\main\java\co\edu\udistrital\rrhh\web\converter\ConceptoConverter.java
C:\Posgrados\Ing_Software\Repo\proyectoRRHHUD\fuentes_aplicativo\pruebaRRHH\src\main\java\co\edu\udistrital\rrhh\web\converter\ConceptoConverter_Roo_Configurable.aj
C:\Posgrados\Ing_Software\Repo\proyectoRRHHUD\fuentes_aplicativo\pruebaRRHH\src\main\java\co\edu\udistrital\rrhh\web\converter\ConceptoConverter_Roo_Converter.aj
C:\Posgrados\Ing_Software\Repo\proyectoRRHHUD\fuentes_aplicativo\pruebaRRHH\src\main\java\co\edu\udistrital\rrhh\web\converter\EmpleadoConverter.java
C:\Posgrados\Ing_Software\Repo\proyectoRRHHUD\fuentes_aplicativo\pruebaRRHH\src\main\java\co\edu\udistrital\rrhh\web\converter\EmpleadoConverter_Roo_Configurable.aj
C:\Posgrados\Ing_Software\Repo\proyectoRRHHUD\fuentes_aplicativo\pruebaRRHH\src\main\java\co\edu\udistrital\rrhh\web\converter\EmpleadoConverter_Roo_Converter.aj
C:\Posgrados\Ing_Software\Repo\proyectoRRHHUD\fuentes_aplicativo\pruebaRRHH\src\main\java\co\edu\udistrital\rrhh\web\converter\EntidadConverter.java
C:\Posgrados\Ing_Software\Repo\proyectoRRHHUD\fuentes_aplicativo\pruebaRRHH\src\main\java\co\edu\udistrital\rrhh\web\converter\EntidadConverter_Roo_Configurable.aj
C:\Posgrados\Ing_Software\Repo\proyectoRRHHUD\fuentes_aplicativo\pruebaRRHH\src\main\java\co\edu\udistrital\rrhh\web\converter\EntidadConverter_Roo_Converter.aj
C:\Posgrados\Ing_Software\Repo\proyectoRRHHUD\fuentes_aplicativo\pruebaRRHH\src\main\java\co\edu\udistrital\rrhh\web\converter\HistoricocargoConverter.java
C:\Posgrados\Ing_Software\Repo\proyectoRRHHUD\fuentes_aplicativo\pruebaRRHH\src\main\java\co\edu\udistrital\rrhh\web\converter\HistoricocargoConverter_Roo_Configurable.aj
C:\Posgrados\Ing_Software\Repo\proyectoRRHHUD\fuentes_aplicativo\pruebaRRHH\src\main\java\co\edu\udistrital\rrhh\web\converter\HistoricocargoConverter_Roo_Converter.aj
C:\Posgrados\Ing_Software\Repo\proyectoRRHHUD\fuentes_aplicativo\pruebaRRHH\src\main\java\co\edu\udistrital\rrhh\web\converter\PagoConverter.java
C:\Posgrados\Ing_Software\Repo\proyectoRRHHUD\fuentes_aplicativo\pruebaRRHH\src\main\java\co\edu\udistrital\rrhh\web\converter\PagoConverter_Roo_Configurable.aj
C:\Posgrados\Ing_Software\Repo\proyectoRRHHUD\fuentes_aplicativo\pruebaRRHH\src\main\java\co\edu\udistrital\rrhh\web\converter\PagoConverter_Roo_Converter.aj
C:\Posgrados\Ing_Software\Repo\proyectoRRHHUD\fuentes_aplicativo\pruebaRRHH\src\main\java\co\edu\udistrital\rrhh\web\converter\UsuarioConverter.java
C:\Posgrados\Ing_Software\Repo\proyectoRRHHUD\fuentes_aplicativo\pruebaRRHH\src\main\java\co\edu\udistrital\rrhh\web\converter\UsuarioConverter_Roo_Configurable.aj
C:\Posgrados\Ing_Software\Repo\proyectoRRHHUD\fuentes_aplicativo\pruebaRRHH\src\main\java\co\edu\udistrital\rrhh\web\converter\UsuarioConverter_Roo_Converter.aj
C:\Posgrados\Ing_Software\Repo\proyectoRRHHUD\fuentes_aplicativo\pruebaRRHH\src\main\java\co\edu\udistrital\rrhh\web\EmpleadoBean.java
C:\Posgrados\Ing_Software\Repo\proyectoRRHHUD\fuentes_aplicativo\pruebaRRHH\src\main\java\co\edu\udistrital\rrhh\web\EmpleadoBean_Roo_Configurable.aj
C:\Posgrados\Ing_Software\Repo\proyectoRRHHUD\fuentes_aplicativo\pruebaRRHH\src\main\java\co\edu\udistrital\rrhh\web\EmpleadoBean_Roo_ManagedBean.aj
C:\Posgrados\Ing_Software\Repo\proyectoRRHHUD\fuentes_aplicativo\pruebaRRHH\src\main\java\co\edu\udistrital\rrhh\web\EmpleadoBean_Roo_Serializable.aj
C:\Posgrados\Ing_Software\Repo\proyectoRRHHUD\fuentes_aplicativo\pruebaRRHH\src\main\java\co\edu\udistrital\rrhh\web\EntidadBean.java
C:\Posgrados\Ing_Software\Repo\proyectoRRHHUD\fuentes_aplicativo\pruebaRRHH\src\main\java\co\edu\udistrital\rrhh\web\EntidadBean_Roo_Configurable.aj
C:\Posgrados\Ing_Software\Repo\proyectoRRHHUD\fuentes_aplicativo\pruebaRRHH\src\main\java\co\edu\udistrital\rrhh\web\EntidadBean_Roo_ManagedBean.aj
C:\Posgrados\Ing_Software\Repo\proyectoRRHHUD\fuentes_aplicativo\pruebaRRHH\src\main\java\co\edu\udistrital\rrhh\web\EntidadBean_Roo_Serializable.aj
C:\Posgrados\Ing_Software\Repo\proyectoRRHHUD\fuentes_aplicativo\pruebaRRHH\src\main\java\co\edu\udistrital\rrhh\web\HistoricocargoBean.java
C:\Posgrados\Ing_Software\Repo\proyectoRRHHUD\fuentes_aplicativo\pruebaRRHH\src\main\java\co\edu\udistrital\rrhh\web\HistoricocargoBean_Roo_Configurable.aj
C:\Posgrados\Ing_Software\Repo\proyectoRRHHUD\fuentes_aplicativo\pruebaRRHH\src\main\java\co\edu\udistrital\rrhh\web\HistoricocargoBean_Roo_ManagedBean.aj
C:\Posgrados\Ing_Software\Repo\proyectoRRHHUD\fuentes_aplicativo\pruebaRRHH\src\main\java\co\edu\udistrital\rrhh\web\HistoricocargoBean_Roo_Serializable.aj
C:\Posgrados\Ing_Software\Repo\proyectoRRHHUD\fuentes_aplicativo\pruebaRRHH\src\main\java\co\edu\udistrital\rrhh\web\PagoBean.java
C:\Posgrados\Ing_Software\Repo\proyectoRRHHUD\fuentes_aplicativo\pruebaRRHH\src\main\java\co\edu\udistrital\rrhh\web\PagoBean_Roo_Configurable.aj
C:\Posgrados\Ing_Software\Repo\proyectoRRHHUD\fuentes_aplicativo\pruebaRRHH\src\main\java\co\edu\udistrital\rrhh\web\PagoBean_Roo_ManagedBean.aj
C:\Posgrados\Ing_Software\Repo\proyectoRRHHUD\fuentes_aplicativo\pruebaRRHH\src\main\java\co\edu\udistrital\rrhh\web\PagoBean_Roo_Serializable.aj
C:\Posgrados\Ing_Software\Repo\proyectoRRHHUD\fuentes_aplicativo\pruebaRRHH\src\main\java\co\edu\udistrital\rrhh\web\UsuarioBean.java
C:\Posgrados\Ing_Software\Repo\proyectoRRHHUD\fuentes_aplicativo\pruebaRRHH\src\main\java\co\edu\udistrital\rrhh\web\UsuarioBean_Roo_Configurable.aj
C:\Posgrados\Ing_Software\Repo\proyectoRRHHUD\fuentes_aplicativo\pruebaRRHH\src\main\java\co\edu\udistrital\rrhh\web\UsuarioBean_Roo_ManagedBean.aj
C:\Posgrados\Ing_Software\Repo\proyectoRRHHUD\fuentes_aplicativo\pruebaRRHH\src\main\java\co\edu\udistrital\rrhh\web\UsuarioBean_Roo_Serializable.aj
C:\Posgrados\Ing_Software\Repo\proyectoRRHHUD\fuentes_aplicativo\pruebaRRHH\src\main\java\co\edu\udistrital\rrhh\web\util\LocaleBean.java
C:\Posgrados\Ing_Software\Repo\proyectoRRHHUD\fuentes_aplicativo\pruebaRRHH\src\main\java\co\edu\udistrital\rrhh\web\util\MessageFactory.java
C:\Posgrados\Ing_Software\Repo\proyectoRRHHUD\fuentes_aplicativo\pruebaRRHH\src\main\java\co\edu\udistrital\rrhh\web\util\ViewExpiredExceptionExceptionHandler.java
C:\Posgrados\Ing_Software\Repo\proyectoRRHHUD\fuentes_aplicativo\pruebaRRHH\src\main\java\co\edu\udistrital\rrhh\web\util\ViewExpiredExceptionExceptionHandlerFactory.java
